<?xml version="1.0" encoding="UTF-8"?>
<testsuite xmlns:xsi="http://www.w3.org/2001/XMLSchema-instance" xsi:noNamespaceSchemaLocation="https://maven.apache.org/surefire/maven-surefire-plugin/xsd/surefire-test-report-3.0.xsd" version="3.0" name="com.ejemplo.PedidoServiceTest" time="0.014" tests="4" errors="0" skipped="4" failures="0">
  <properties>
[...]
</properties>
  <testcase name="testConDescuentoYEnvioNormal" classname="com.ejemplo.PedidoServiceTest" time="0.0">
    <skipped message="void com.ejemplo.PedidoServiceTest.testConDescuentoYEnvioNormal() is @Disabled"/>
  </testcase>
  <testcase name="testSinDescuentoYEnvioNormal" classname="com.ejemplo.PedidoServiceTest" time="0.0">
    <skipped message="void com.ejemplo.PedidoServiceTest.testSinDescuentoYEnvioNormal() is @Disabled"/>
  </testcase>
  <testcase name="testConDescuentoYEnvioExpress" classname="com.ejemplo.PedidoServiceTest" time="0.0">
    <skipped message="void com.ejemplo.PedidoServiceTest.testConDescuentoYEnvioExpress() is @Disabled"/>
  </testcase>
  <testcase name="testSinDescuentoYEnvioExpress" classname="com.ejemplo.PedidoServiceTest" time="0.0">
    <skipped message="void com.ejemplo.PedidoServiceTest.testSinDescuentoYEnvioExpress() is @Disabled"/>
  </testcase>
</testsuite>